[0610/153942:ERROR:process_info.cc(608)] range at 0xfffde000, size 0x230 fully unreadable
[0610/153942:ERROR:process_reader_win.cc(232)] ReadMemory at 0xfc90000 of 64 bytes failed: Only part of a ReadProcessMemory or WriteProcessMemory request was completed. (0x12B)
[0610/153942:WARNING:pe_image_reader.cc(280)] could not read dos header from C:\Program Files (x86)\Google\Chrome\Application\51.0.2704.84\chrome_child.dll
[0610/153942:ERROR:process_reader_win.cc(232)] ReadMemory at 0x6cd91060 of 28 bytes failed: Only part of a ReadProcessMemory or WriteProcessMemory request was completed. (0x12B)
[0610/153942:WARNING:pe_image_reader.cc(134)] could not read data directory from C:\windows\system32\dwrite.dll
[0610/153942:ERROR:process_reader_win.cc(232)] ReadMemory at 0x12a0000 of 64 bytes failed: Only part of a ReadProcessMemory or WriteProcessMemory request was completed. (0x12B)
[0610/153942:WARNING:pe_image_reader.cc(280)] could not read dos header from C:\Program Files (x86)\Google\Chrome\Application\chrome.exe
[0610/153942:ERROR:process_reader_win.cc(232)] ReadMemory at 0x77880000 of 64 bytes failed: Only part of a ReadProcessMemory or WriteProcessMemory request was completed. (0x12B)
[0610/153942:WARNING:pe_image_reader.cc(280)] could not read dos header from C:\windows\SysWOW64\ntdll.dll
[0610/153942:ERROR:process_reader_win.cc(232)] ReadMemory at 0x76ae0000 of 64 bytes failed: Only part of a ReadProcessMemory or WriteProcessMemory request was completed. (0x12B)
[0610/153942:WARNING:pe_image_reader.cc(280)] could not read dos header from C:\windows\syswow64\KERNELBASE.dll
[0610/153942:ERROR:process_reader_win.cc(232)] ReadMemory at 0x77160000 of 64 bytes failed: Only part of a ReadProcessMemory or WriteProcessMemory request was completed. (0x12B)
[0610/153942:WARNING:pe_image_reader.cc(280)] could not read dos header from C:\windows\syswow64\kernel32.dll
[0610/153942:ERROR:process_reader_win.cc(232)] ReadMemory at 0x754e0000 of 64 bytes failed: Only part of a ReadProcessMemory or WriteProcessMemory request was completed. (0x12B)
[0610/153942:WARNING:pe_image_reader.cc(280)] could not read dos header from C:\windows\syswow64\msvcrt.dll
[0610/153942:ERROR:process_reader_win.cc(232)] ReadMemory at 0x751c0000 of 64 bytes failed: Only part of a ReadProcessMemory or WriteProcessMemory request was completed. (0x12B)
[0610/153942:WARNING:pe_image_reader.cc(280)] could not read dos header from C:\windows\syswow64\CRYPTBASE.dll
[0610/153942:ERROR:process_reader_win.cc(232)] ReadMemory at 0x751d0000 of 64 bytes failed: Only part of a ReadProcessMemory or WriteProcessMemory request was completed. (0x12B)
[0610/153942:WARNING:pe_image_reader.cc(280)] could not read dos header from C:\windows\syswow64\SspiCli.dll
[0610/153942:ERROR:process_reader_win.cc(232)] ReadMemory at 0x764b0000 of 64 bytes failed: Only part of a ReadProcessMemory or WriteProcessMemory request was completed. (0x12B)
[0610/153942:WARNING:pe_image_reader.cc(280)] could not read dos header from C:\windows\syswow64\RPCRT4.dll
[0610/153942:ERROR:process_reader_win.cc(232)] ReadMemory at 0x75260000 of 64 bytes failed: Only part of a ReadProcessMemory or WriteProcessMemory request was completed. (0x12B)
[0610/153942:WARNING:pe_image_reader.cc(280)] could not read dos header from C:\windows\SysWOW64\sechost.dll
[0610/153942:ERROR:process_reader_win.cc(232)] ReadMemory at 0x765e0000 of 64 bytes failed: Only part of a ReadProcessMemory or WriteProcessMemory request was completed. (0x12B)
[0610/153942:WARNING:pe_image_reader.cc(280)] could not read dos header from C:\windows\syswow64\ADVAPI32.dll
[0610/153942:ERROR:process_reader_win.cc(232)] ReadMemory at 0x54f00000 of 64 bytes failed: Only part of a ReadProcessMemory or WriteProcessMemory request was completed. (0x12B)
[0610/153942:WARNING:pe_image_reader.cc(280)] could not read dos header from C:\Program Files (x86)\Google\Chrome\Application\51.0.2704.84\chrome_elf.dll
[0610/153942:ERROR:process_reader_win.cc(232)] ReadMemory at 0x74260000 of 64 bytes failed: Only part of a ReadProcessMemory or WriteProcessMemory request was completed. (0x12B)
[0610/153942:WARNING:pe_image_reader.cc(280)] could not read dos header from C:\windows\system32\VERSION.dll
[0610/153942:ERROR:process_reader_win.cc(232)] ReadMemory at 0x75650000 of 64 bytes failed: Only part of a ReadProcessMemory or WriteProcessMemory request was completed. (0x12B)
[0610/153942:WARNING:pe_image_reader.cc(280)] could not read dos header from C:\windows\syswow64\USP10.dll
[0610/153942:ERROR:process_reader_win.cc(232)] ReadMemory at 0x76c90000 of 64 bytes failed: Only part of a ReadProcessMemory or WriteProcessMemory request was completed. (0x12B)
[0610/153942:WARNING:pe_image_reader.cc(280)] could not read dos header from C:\windows\syswow64\LPK.dll
[0610/153942:ERROR:process_reader_win.cc(232)] ReadMemory at 0x76e60000 of 64 bytes failed: Only part of a ReadProcessMemory or WriteProcessMemory request was completed. (0x12B)
[0610/153942:WARNING:pe_image_reader.cc(280)] could not read dos header from C:\windows\syswow64\GDI32.dll
[0610/153942:ERROR:process_reader_win.cc(232)] ReadMemory at 0x75280000 of 64 bytes failed: Only part of a ReadProcessMemory or WriteProcessMemory request was completed. (0x12B)
[0610/153942:WARNING:pe_image_reader.cc(280)] could not read dos header from C:\windows\syswow64\USER32.dll
[0610/153942:ERROR:process_reader_win.cc(232)] ReadMemory at 0x720a0000 of 64 bytes failed: Only part of a ReadProcessMemory or WriteProcessMemory request was completed. (0x12B)
[0610/153942:WARNING:pe_image_reader.cc(280)] could not read dos header from C:\windows\system32\WINMM.dll
[0610/153942:ERROR:process_reader_win.cc(232)] ReadMemory at 0x75640000 of 64 bytes failed: Only part of a ReadProcessMemory or WriteProcessMemory request was completed. (0x12B)
[0610/153942:WARNING:pe_image_reader.cc(280)] could not read dos header from C:\windows\syswow64\profapi.dll
[0610/153942:ERROR:process_reader_win.cc(232)] ReadMemory at 0x76e40000 of 64 bytes failed: Only part of a ReadProcessMemory or WriteProcessMemory request was completed. (0x12B)
[0610/153942:WARNING:pe_image_reader.cc(280)] could not read dos header from C:\windows\syswow64\USERENV.dll
[0610/153942:ERROR:process_reader_win.cc(232)] ReadMemory at 0x740c0000 of 64 bytes failed: Only part of a ReadProcessMemory or WriteProcessMemory request was completed. (0x12B)
[0610/153942:WARNING:pe_image_reader.cc(280)] could not read dos header from C:\windows\system32\WTSAPI32.dll
[0610/153942:ERROR:process_reader_win.cc(232)] ReadMemory at 0x73c00000 of 64 bytes failed: Only part of a ReadProcessMemory or WriteProcessMemory request was completed. (0x12B)
[0610/153942:WARNING:pe_image_reader.cc(280)] could not read dos header from C:\windows\system32\webio.dll
[0610/153942:ERROR:process_reader_win.cc(232)] ReadMemory at 0x73c50000 of 64 bytes failed: Only part of a ReadProcessMemory or WriteProcessMemory request was completed. (0x12B)
[0610/153942:WARNING:pe_image_reader.cc(280)] could not read dos header from C:\windows\system32\WINHTTP.dll
[0610/153942:ERROR:process_reader_win.cc(232)] ReadMemory at 0x69fc0000 of 64 bytes failed: Only part of a ReadProcessMemory or WriteProcessMemory request was completed. (0x12B)
[0610/153942:WARNING:pe_image_reader.cc(280)] could not read dos header from C:\windows\system32\api-ms-win-core-synch-l1-2-0.DLL
[0610/153942:ERROR:process_reader_win.cc(232)] ReadMemory at 0x76b30000 of 64 bytes failed: Only part of a ReadProcessMemory or WriteProcessMemory request was completed. (0x12B)
[0610/153942:WARNING:pe_image_reader.cc(280)] could not read dos header from C:\windows\syswow64\MSCTF.dll
[0610/153942:ERROR:process_reader_win.cc(232)] ReadMemory at 0x763c0000 of 64 bytes failed: Only part of a ReadProcessMemory or WriteProcessMemory request was completed. (0x12B)
[0610/153942:WARNING:pe_image_reader.cc(280)] could not read dos header from C:\windows\system32\IMM32.DLL
[0610/153942:ERROR:process_reader_win.cc(232)] ReadMemory at 0x76de0000 of 64 bytes failed: Only part of a ReadProcessMemory or WriteProcessMemory request was completed. (0x12B)
[0610/153942:WARNING:pe_image_reader.cc(280)] could not read dos header from C:\windows\syswow64\SHLWAPI.dll
[0610/153942:ERROR:process_reader_win.cc(232)] ReadMemory at 0x756f0000 of 64 bytes failed: Only part of a ReadProcessMemory or WriteProcessMemory request was completed. (0x12B)
[0610/153942:WARNING:pe_image_reader.cc(280)] could not read dos header from C:\windows\syswow64\SHELL32.dll
[0610/153942:ERROR:process_reader_win.cc(232)] ReadMemory at 0x75250000 of 64 bytes failed: Only part of a ReadProcessMemory or WriteProcessMemory request was completed. (0x12B)
[0610/153942:WARNING:pe_image_reader.cc(280)] could not read dos header from C:\windows\syswow64\PSAPI.DLL
[0610/153942:ERROR:process_reader_win.cc(232)] ReadMemory at 0x74060000 of 64 bytes failed: Only part of a ReadProcessMemory or WriteProcessMemory request was completed. (0x12B)
[0610/153942:WARNING:pe_image_reader.cc(280)] could not read dos header from C:\windows\system32\WINSPOOL.DRV
[0610/153942:ERROR:process_reader_win.cc(232)] ReadMemory at 0x73e30000 of 64 bytes failed: Only part of a ReadProcessMemory or WriteProcessMemory request was completed. (0x12B)
[0610/153942:WARNING:pe_image_reader.cc(280)] could not read dos header from C:\windows\WinSxS\x86_microsoft.windows.common-controls_6595b64144ccf1df_6.0.7601.18837_none_41e855142bd5705d\COMCTL32.dll
[0610/153942:ERROR:process_reader_win.cc(232)] ReadMemory at 0x76340000 of 64 bytes failed: Only part of a ReadProcessMemory or WriteProcessMemory request was completed. (0x12B)
[0610/153942:WARNING:pe_image_reader.cc(280)] could not read dos header from C:\windows\syswow64\COMDLG32.dll
[0610/153942:ERROR:process_reader_win.cc(232)] ReadMemory at 0x75380000 of 64 bytes failed: Only part of a ReadProcessMemory or WriteProcessMemory request was completed. (0x12B)
[0610/153942:WARNING:pe_image_reader.cc(280)] could not read dos header from C:\windows\syswow64\ole32.dll
[0610/153942:ERROR:process_reader_win.cc(232)] ReadMemory at 0x76f80000 of 64 bytes failed: Only part of a ReadProcessMemory or WriteProcessMemory request was completed. (0x12B)
[0610/153942:WARNING:pe_image_reader.cc(280)] could not read dos header from C:\windows\syswow64\OLEAUT32.dll
[0610/153942:ERROR:process_reader_win.cc(232)] ReadMemory at 0x75240000 of 64 bytes failed: Only part of a ReadProcessMemory or WriteProcessMemory request was completed. (0x12B)
[0610/153942:WARNING:pe_image_reader.cc(280)] could not read dos header from C:\windows\syswow64\NSI.dll
[0610/153942:ERROR:process_reader_win.cc(232)] ReadMemory at 0x74230000 of 64 bytes failed: Only part of a ReadProcessMemory or WriteProcessMemory request was completed. (0x12B)
[0610/153942:WARNING:pe_image_reader.cc(280)] could not read dos header from C:\windows\system32\WINNSI.DLL
[0610/153942:ERROR:process_reader_win.cc(232)] ReadMemory at 0x74240000 of 64 bytes failed: Only part of a ReadProcessMemory or WriteProcessMemory request was completed. (0x12B)
[0610/153942:WARNING:pe_image_reader.cc(280)] could not read dos header from C:\windows\system32\IPHLPAPI.DLL
[0610/153942:ERROR:process_reader_win.cc(232)] ReadMemory at 0x765a0000 of 64 bytes failed: Only part of a ReadProcessMemory or WriteProcessMemory request was completed. (0x12B)
[0610/153942:WARNING:pe_image_reader.cc(280)] could not read dos header from C:\windows\syswow64\WS2_32.dll
[0610/153942:ERROR:process_reader_win.cc(232)] ReadMemory at 0x77850000 of 64 bytes failed: Only part of a ReadProcessMemory or WriteProcessMemory request was completed. (0x12B)
[0610/153942:WARNING:pe_image_reader.cc(280)] could not read dos header from C:\windows\syswow64\MSASN1.dll
[0610/153942:ERROR:process_reader_win.cc(232)] ReadMemory at 0x76cb0000 of 64 bytes failed: Only part of a ReadProcessMemory or WriteProcessMemory request was completed. (0x12B)
[0610/153942:WARNING:pe_image_reader.cc(280)] could not read dos header from C:\windows\syswow64\CRYPT32.dll
[0610/153942:ERROR:process_reader_win.cc(232)] ReadMemory at 0x76ef0000 of 64 bytes failed: Only part of a ReadProcessMemory or WriteProcessMemory request was completed. (0x12B)
[0610/153942:WARNING:pe_image_reader.cc(280)] could not read dos header from C:\windows\syswow64\WINTRUST.dll
[0610/153942:ERROR:process_reader_win.cc(232)] ReadMemory at 0x74160000 of 64 bytes failed: Only part of a ReadProcessMemory or WriteProcessMemory request was completed. (0x12B)
[0610/153942:WARNING:pe_image_reader.cc(280)] could not read dos header from C:\windows\system32\Secur32.dll
[0610/153942:ERROR:process_reader_win.cc(232)] ReadMemory at 0xfc90000 of 64 bytes failed: Only part of a ReadProcessMemory or WriteProcessMemory request was completed. (0x12B)
[0610/153942:WARNING:pe_image_reader.cc(280)] could not read dos header from C:\Program Files (x86)\Google\Chrome\Application\51.0.2704.84\chrome_child.dll
[0610/153942:ERROR:process_reader_win.cc(232)] ReadMemory at 0x6cd90000 of 64 bytes failed: Only part of a ReadProcessMemory or WriteProcessMemory request was completed. (0x12B)
[0610/153942:WARNING:pe_image_reader.cc(280)] could not read dos header from C:\windows\system32\dwrite.dll
[0610/153942:ERROR:process_reader_win.cc(98)] process 12176 not found
[0610/153942:ERROR:process_reader_win.cc(232)] ReadMemory at 0x12a0000 of 64 bytes failed: Only part of a ReadProcessMemory or WriteProcessMemory request was completed. (0x12B)
[0610/153942:WARNING:pe_image_reader.cc(280)] could not read dos header from C:\Program Files (x86)\Google\Chrome\Application\chrome.exe
[0610/153942:ERROR:process_reader_win.cc(232)] ReadMemory at 0x77880000 of 64 bytes failed: Only part of a ReadProcessMemory or WriteProcessMemory request was completed. (0x12B)
[0610/153942:WARNING:pe_image_reader.cc(280)] could not read dos header from C:\windows\SysWOW64\ntdll.dll
[0610/153942:ERROR:process_reader_win.cc(232)] ReadMemory at 0x76ae0000 of 64 bytes failed: Only part of a ReadProcessMemory or WriteProcessMemory request was completed. (0x12B)
[0610/153942:WARNING:pe_image_reader.cc(280)] could not read dos header from C:\windows\syswow64\KERNELBASE.dll
[0610/153942:ERROR:process_reader_win.cc(232)] ReadMemory at 0x77160000 of 64 bytes failed: Only part of a ReadProcessMemory or WriteProcessMemory request was completed. (0x12B)
[0610/153942:WARNING:pe_image_reader.cc(280)] could not read dos header from C:\windows\syswow64\kernel32.dll
[0610/153942:ERROR:process_reader_win.cc(232)] ReadMemory at 0x754e0000 of 64 bytes failed: Only part of a ReadProcessMemory or WriteProcessMemory request was completed. (0x12B)
[0610/153942:WARNING:pe_image_reader.cc(280)] could not read dos header from C:\windows\syswow64\msvcrt.dll
[0610/153942:ERROR:process_reader_win.cc(232)] ReadMemory at 0x751c0000 of 64 bytes failed: Only part of a ReadProcessMemory or WriteProcessMemory request was completed. (0x12B)
[0610/153942:WARNING:pe_image_reader.cc(280)] could not read dos header from C:\windows\syswow64\CRYPTBASE.dll
[0610/153942:ERROR:process_reader_win.cc(232)] ReadMemory at 0x751d0000 of 64 bytes failed: Only part of a ReadProcessMemory or WriteProcessMemory request was completed. (0x12B)
[0610/153942:WARNING:pe_image_reader.cc(280)] could not read dos header from C:\windows\syswow64\SspiCli.dll
[0610/153942:ERROR:process_reader_win.cc(232)] ReadMemory at 0x764b0000 of 64 bytes failed: Only part of a ReadProcessMemory or WriteProcessMemory request was completed. (0x12B)
[0610/153942:WARNING:pe_image_reader.cc(280)] could not read dos header from C:\windows\syswow64\RPCRT4.dll
[0610/153942:ERROR:process_reader_win.cc(232)] ReadMemory at 0x75260000 of 64 bytes failed: Only part of a ReadProcessMemory or WriteProcessMemory request was completed. (0x12B)
[0610/153942:WARNING:pe_image_reader.cc(280)] could not read dos header from C:\windows\SysWOW64\sechost.dll
[0610/153942:ERROR:process_reader_win.cc(232)] ReadMemory at 0x765e0000 of 64 bytes failed: Only part of a ReadProcessMemory or WriteProcessMemory request was completed. (0x12B)
[0610/153942:WARNING:pe_image_reader.cc(280)] could not read dos header from C:\windows\syswow64\ADVAPI32.dll
[0610/153942:ERROR:process_reader_win.cc(232)] ReadMemory at 0x54f00000 of 64 bytes failed: Only part of a ReadProcessMemory or WriteProcessMemory request was completed. (0x12B)
[0610/153942:WARNING:pe_image_reader.cc(280)] could not read dos header from C:\Program Files (x86)\Google\Chrome\Application\51.0.2704.84\chrome_elf.dll
[0610/153942:ERROR:process_reader_win.cc(232)] ReadMemory at 0x74260000 of 64 bytes failed: Only part of a ReadProcessMemory or WriteProcessMemory request was completed. (0x12B)
[0610/153942:WARNING:pe_image_reader.cc(280)] could not read dos header from C:\windows\system32\VERSION.dll
[0610/153942:ERROR:process_reader_win.cc(232)] ReadMemory at 0x75650000 of 64 bytes failed: Only part of a ReadProcessMemory or WriteProcessMemory request was completed. (0x12B)
[0610/153942:WARNING:pe_image_reader.cc(280)] could not read dos header from C:\windows\syswow64\USP10.dll
[0610/153942:ERROR:process_reader_win.cc(232)] ReadMemory at 0x76c90000 of 64 bytes failed: Only part of a ReadProcessMemory or WriteProcessMemory request was completed. (0x12B)
[0610/153942:WARNING:pe_image_reader.cc(280)] could not read dos header from C:\windows\syswow64\LPK.dll
[0610/153942:ERROR:process_reader_win.cc(232)] ReadMemory at 0x76e60000 of 64 bytes failed: Only part of a ReadProcessMemory or WriteProcessMemory request was completed. (0x12B)
[0610/153942:WARNING:pe_image_reader.cc(280)] could not read dos header from C:\windows\syswow64\GDI32.dll
[0610/153942:ERROR:process_reader_win.cc(232)] ReadMemory at 0x75280000 of 64 bytes failed: Only part of a ReadProcessMemory or WriteProcessMemory request was completed. (0x12B)
[0610/153942:WARNING:pe_image_reader.cc(280)] could not read dos header from C:\windows\syswow64\USER32.dll
[0610/153942:ERROR:process_reader_win.cc(232)] ReadMemory at 0x720a0000 of 64 bytes failed: Only part of a ReadProcessMemory or WriteProcessMemory request was completed. (0x12B)
[0610/153942:WARNING:pe_image_reader.cc(280)] could not read dos header from C:\windows\system32\WINMM.dll
[0610/153942:ERROR:process_reader_win.cc(232)] ReadMemory at 0x75640000 of 64 bytes failed: Only part of a ReadProcessMemory or WriteProcessMemory request was completed. (0x12B)
[0610/153942:WARNING:pe_image_reader.cc(280)] could not read dos header from C:\windows\syswow64\profapi.dll
[0610/153942:ERROR:process_reader_win.cc(232)] ReadMemory at 0x76e40000 of 64 bytes failed: Only part of a ReadProcessMemory or WriteProcessMemory request was completed. (0x12B)
[0610/153942:WARNING:pe_image_reader.cc(280)] could not read dos header from C:\windows\syswow64\USERENV.dll
[0610/153942:ERROR:process_reader_win.cc(232)] ReadMemory at 0x740c0000 of 64 bytes failed: Only part of a ReadProcessMemory or WriteProcessMemory request was completed. (0x12B)
[0610/153942:WARNING:pe_image_reader.cc(280)] could not read dos header from C:\windows\system32\WTSAPI32.dll
[0610/153942:ERROR:process_reader_win.cc(232)] ReadMemory at 0x73c00000 of 64 bytes failed: Only part of a ReadProcessMemory or WriteProcessMemory request was completed. (0x12B)
[0610/153942:WARNING:pe_image_reader.cc(280)] could not read dos header from C:\windows\system32\webio.dll
[0610/153942:ERROR:process_reader_win.cc(232)] ReadMemory at 0x73c50000 of 64 bytes failed: Only part of a ReadProcessMemory or WriteProcessMemory request was completed. (0x12B)
[0610/153942:WARNING:pe_image_reader.cc(280)] could not read dos header from C:\windows\system32\WINHTTP.dll
[0610/153942:ERROR:process_reader_win.cc(232)] ReadMemory at 0x69fc0000 of 64 bytes failed: Only part of a ReadProcessMemory or WriteProcessMemory request was completed. (0x12B)
[0610/153942:WARNING:pe_image_reader.cc(280)] could not read dos header from C:\windows\system32\api-ms-win-core-synch-l1-2-0.DLL
[0610/153942:ERROR:process_reader_win.cc(232)] ReadMemory at 0x76b30000 of 64 bytes failed: Only part of a ReadProcessMemory or WriteProcessMemory request was completed. (0x12B)
[0610/153942:WARNING:pe_image_reader.cc(280)] could not read dos header from C:\windows\syswow64\MSCTF.dll
[0610/153942:ERROR:process_reader_win.cc(232)] ReadMemory at 0x763c0000 of 64 bytes failed: Only part of a ReadProcessMemory or WriteProcessMemory request was completed. (0x12B)
[0610/153942:WARNING:pe_image_reader.cc(280)] could not read dos header from C:\windows\system32\IMM32.DLL
[0610/153942:ERROR:process_reader_win.cc(232)] ReadMemory at 0x76de0000 of 64 bytes failed: Only part of a ReadProcessMemory or WriteProcessMemory request was completed. (0x12B)
[0610/153942:WARNING:pe_image_reader.cc(280)] could not read dos header from C:\windows\syswow64\SHLWAPI.dll
[0610/153942:ERROR:process_reader_win.cc(232)] ReadMemory at 0x756f0000 of 64 bytes failed: Only part of a ReadProcessMemory or WriteProcessMemory request was completed. (0x12B)
[0610/153942:WARNING:pe_image_reader.cc(280)] could not read dos header from C:\windows\syswow64\SHELL32.dll
[0610/153942:ERROR:process_reader_win.cc(232)] ReadMemory at 0x75250000 of 64 bytes failed: Only part of a ReadProcessMemory or WriteProcessMemory request was completed. (0x12B)
[0610/153942:WARNING:pe_image_reader.cc(280)] could not read dos header from C:\windows\syswow64\PSAPI.DLL
[0610/153942:ERROR:process_reader_win.cc(232)] ReadMemory at 0x74060000 of 64 bytes failed: Only part of a ReadProcessMemory or WriteProcessMemory request was completed. (0x12B)
[0610/153942:WARNING:pe_image_reader.cc(280)] could not read dos header from C:\windows\system32\WINSPOOL.DRV
[0610/153942:ERROR:process_reader_win.cc(232)] ReadMemory at 0x73e30000 of 64 bytes failed: Only part of a ReadProcessMemory or WriteProcessMemory request was completed. (0x12B)
[0610/153942:WARNING:pe_image_reader.cc(280)] could not read dos header from C:\windows\WinSxS\x86_microsoft.windows.common-controls_6595b64144ccf1df_6.0.7601.18837_none_41e855142bd5705d\COMCTL32.dll
[0610/153942:ERROR:process_reader_win.cc(232)] ReadMemory at 0x76340000 of 64 bytes failed: Only part of a ReadProcessMemory or WriteProcessMemory request was completed. (0x12B)
[0610/153942:WARNING:pe_image_reader.cc(280)] could not read dos header from C:\windows\syswow64\COMDLG32.dll
[0610/153942:ERROR:process_reader_win.cc(232)] ReadMemory at 0x75380000 of 64 bytes failed: Only part of a ReadProcessMemory or WriteProcessMemory request was completed. (0x12B)
[0610/153942:WARNING:pe_image_reader.cc(280)] could not read dos header from C:\windows\syswow64\ole32.dll
[0610/153942:ERROR:process_reader_win.cc(232)] ReadMemory at 0x76f80000 of 64 bytes failed: Only part of a ReadProcessMemory or WriteProcessMemory request was completed. (0x12B)
[0610/153942:WARNING:pe_image_reader.cc(280)] could not read dos header from C:\windows\syswow64\OLEAUT32.dll
[0610/153942:ERROR:process_reader_win.cc(232)] ReadMemory at 0x75240000 of 64 bytes failed: Only part of a ReadProcessMemory or WriteProcessMemory request was completed. (0x12B)
[0610/153942:WARNING:pe_image_reader.cc(280)] could not read dos header from C:\windows\syswow64\NSI.dll
[0610/153942:ERROR:process_reader_win.cc(232)] ReadMemory at 0x74230000 of 64 bytes failed: Only part of a ReadProcessMemory or WriteProcessMemory request was completed. (0x12B)
[0610/153942:WARNING:pe_image_reader.cc(280)] could not read dos header from C:\windows\system32\WINNSI.DLL
[0610/153942:ERROR:process_reader_win.cc(232)] ReadMemory at 0x74240000 of 64 bytes failed: Only part of a ReadProcessMemory or WriteProcessMemory request was completed. (0x12B)
[0610/153942:WARNING:pe_image_reader.cc(280)] could not read dos header from C:\windows\system32\IPHLPAPI.DLL
[0610/153942:ERROR:process_reader_win.cc(232)] ReadMemory at 0x765a0000 of 64 bytes failed: Only part of a ReadProcessMemory or WriteProcessMemory request was completed. (0x12B)
[0610/153942:WARNING:pe_image_reader.cc(280)] could not read dos header from C:\windows\syswow64\WS2_32.dll
[0610/153942:ERROR:process_reader_win.cc(232)] ReadMemory at 0x77850000 of 64 bytes failed: Only part of a ReadProcessMemory or WriteProcessMemory request was completed. (0x12B)
[0610/153942:WARNING:pe_image_reader.cc(280)] could not read dos header from C:\windows\syswow64\MSASN1.dll
[0610/153942:ERROR:process_reader_win.cc(232)] ReadMemory at 0x76cb0000 of 64 bytes failed: Only part of a ReadProcessMemory or WriteProcessMemory request was completed. (0x12B)
[0610/153942:WARNING:pe_image_reader.cc(280)] could not read dos header from C:\windows\syswow64\CRYPT32.dll
[0610/153942:ERROR:process_reader_win.cc(232)] ReadMemory at 0x76ef0000 of 64 bytes failed: Only part of a ReadProcessMemory or WriteProcessMemory request was completed. (0x12B)
[0610/153942:WARNING:pe_image_reader.cc(280)] could not read dos header from C:\windows\syswow64\WINTRUST.dll
[0610/153942:ERROR:process_reader_win.cc(232)] ReadMemory at 0x74160000 of 64 bytes failed: Only part of a ReadProcessMemory or WriteProcessMemory request was completed. (0x12B)
[0610/153942:WARNING:pe_image_reader.cc(280)] could not read dos header from C:\windows\system32\Secur32.dll
[0610/153942:ERROR:process_reader_win.cc(232)] ReadMemory at 0xfc90000 of 64 bytes failed: Only part of a ReadProcessMemory or WriteProcessMemory request was completed. (0x12B)
[0610/153942:WARNING:pe_image_reader.cc(280)] could not read dos header from C:\Program Files (x86)\Google\Chrome\Application\51.0.2704.84\chrome_child.dll
[0610/153942:ERROR:process_reader_win.cc(232)] ReadMemory at 0x6cd90000 of 64 bytes failed: Only part of a ReadProcessMemory or WriteProcessMemory request was completed. (0x12B)
[0610/153942:WARNING:pe_image_reader.cc(280)] could not read dos header from C:\windows\system32\dwrite.dll
[0610/153942:ERROR:process_reader_win.cc(232)] ReadMemory at 0x135c374 of 12 bytes failed: Only part of a ReadProcessMemory or WriteProcessMemory request was completed. (0x12B)
[0610/153942:WARNING:process_snapshot_win.cc(102)] ReadMemory ExceptionInformation failed
[0610/153942:WARNING:crash_report_exception_handler.cc(60)] ProcessSnapshotWin::InitializeException failed
[0610/153942:ERROR:scoped_process_suspend.cc(38)] NtResumeProcess, ntstatus=-1073741558
